nohup: ignoring input
# CIFAR10 hyper-parameters for all methods under comparison

Traceback (most recent call last):
  File "distil1.py", line 22, in <module>
    from absl import app
ModuleNotFoundError: No module named 'absl'
Traceback (most recent call last):
  File "distil1.py", line 22, in <module>
    from absl import app
ModuleNotFoundError: No module named 'absl'
Traceback (most recent call last):
  File "distil1.py", line 22, in <module>
    from absl import app
ModuleNotFoundError: No module named 'absl'
Traceback (most recent call last):
  File "distil1.py", line 22, in <module>
    from absl import app
ModuleNotFoundError: No module named 'absl'
Traceback (most recent call last):
  File "distil1.py", line 22, in <module>
    from absl import app
ModuleNotFoundError: No module named 'absl'

Traceback (most recent call last):
  File "distil1.py", line 22, in <module>
    from absl import app
ModuleNotFoundError: No module named 'absl'
Traceback (most recent call last):
  File "distil1.py", line 22, in <module>
    from absl import app
ModuleNotFoundError: No module named 'absl'
Traceback (most recent call last):
  File "distil1.py", line 22, in <module>
    from absl import app
ModuleNotFoundError: No module named 'absl'
Traceback (most recent call last):
  File "distil1.py", line 22, in <module>
    from absl import app
ModuleNotFoundError: No module named 'absl'
Traceback (most recent call last):
  File "distil1.py", line 22, in <module>
    from absl import app
ModuleNotFoundError: No module named 'absl'

Traceback (most recent call last):
  File "distil1.py", line 22, in <module>
    from absl import app
ModuleNotFoundError: No module named 'absl'
Traceback (most recent call last):
  File "distil1.py", line 22, in <module>
    from absl import app
ModuleNotFoundError: No module named 'absl'
Traceback (most recent call last):
  File "distil1.py", line 22, in <module>
    from absl import app
ModuleNotFoundError: No module named 'absl'
Traceback (most recent call last):
  File "distil1.py", line 22, in <module>
    from absl import app
ModuleNotFoundError: No module named 'absl'
Traceback (most recent call last):
  File "distil1.py", line 22, in <module>
    from absl import app
ModuleNotFoundError: No module named 'absl'

Traceback (most recent call last):
  File "distil1.py", line 22, in <module>
    from absl import app
ModuleNotFoundError: No module named 'absl'
Traceback (most recent call last):
  File "distil1.py", line 22, in <module>
    from absl import app
ModuleNotFoundError: No module named 'absl'
Traceback (most recent call last):
  File "distil1.py", line 22, in <module>
    from absl import app
ModuleNotFoundError: No module named 'absl'
Traceback (most recent call last):
  File "distil1.py", line 22, in <module>
    from absl import app
ModuleNotFoundError: No module named 'absl'
Traceback (most recent call last):
  File "distil1.py", line 22, in <module>
    from absl import app
ModuleNotFoundError: No module named 'absl'

Traceback (most recent call last):
  File "distil1.py", line 22, in <module>
    from absl import app
ModuleNotFoundError: No module named 'absl'
Traceback (most recent call last):
  File "distil1.py", line 22, in <module>
    from absl import app
ModuleNotFoundError: No module named 'absl'
Traceback (most recent call last):
  File "distil1.py", line 22, in <module>
    from absl import app
ModuleNotFoundError: No module named 'absl'
Traceback (most recent call last):
  File "distil1.py", line 22, in <module>
    from absl import app
ModuleNotFoundError: No module named 'absl'
Traceback (most recent call last):
  File "distil1.py", line 22, in <module>
    from absl import app
ModuleNotFoundError: No module named 'absl'
